<?xml version="1.0" encoding="UTF-8"?>
<!-- Generated by org.testng.reporters.JUnitXMLReporter -->
<testsuite hostname="DESKTOP-9D4C8ON" ignored="1" name="Default test" tests="2" failures="0" timestamp="22 Jan 2019 20:56:04 GMT" time="47.158" errors="0">
  <testcase name="filterMemberTransaction_All" time="3.589" classname="com.training.sanity.tests.FilterTrxDetails_MemberTest"/>
  <testcase name="filterMemberTransaction_Date" time="37.123" classname="com.training.sanity.tests.FilterTrxDetails_MemberTest"/>
  <testcase name="filterMemberTransaction_Loan" time="0.0" classname="com.training.sanity.tests.FilterTrxDetails_MemberTest">
    <ignored/>
  </testcase> <!-- filterMemberTransaction_Loan -->
</testsuite> <!-- Default test -->
