<?xml version="1.0" encoding="UTF-8"?>
<!-- Generated by org.testng.reporters.JUnitXMLReporter -->
<testsuite hostname="DESKTOP-9D4C8ON" ignored="1" name="Default test" tests="2" failures="0" timestamp="17 Jan 2019 16:51:10 GMT" time="132.894" errors="0">
  <testcase name="filterMemberTransaction_All" time="26.489" classname="com.training.sanity.tests.FilterTrxDetails_MemberTest"/>
  <testcase name="filterMemberTransaction_Loan" time="7.069" classname="com.training.sanity.tests.FilterTrxDetails_MemberTest"/>
  <testcase name="filterMemberTransaction_Date" time="0.0" classname="com.training.sanity.tests.FilterTrxDetails_MemberTest">
    <ignored/>
  </testcase> <!-- filterMemberTransaction_Date -->
</testsuite> <!-- Default test -->
