<?xml version="1.0" encoding="UTF-8"?>
<testng-results skipped="0" failed="0" ignored="0" total="1" passed="1">
  <reporter-output>
  </reporter-output>
  <suite name="Default suite" duration-ms="59346" started-at="2019-01-22T19:26:34Z" finished-at="2019-01-22T19:27:33Z">
    <groups>
    </groups>
    <test name="Default test" duration-ms="59346" started-at="2019-01-22T19:26:34Z" finished-at="2019-01-22T19:27:33Z">
      <class name="com.training.sanity.tests.AddContact_MakeMemberPaymentTest">
        <test-method status="PASS" signature="beforeClass()[pri:0, instance:com.training.sanity.tests.AddContact_MakeMemberPaymentTest@1e88b3c]" name="beforeClass" is-config="true" duration-ms="33623" started-at="2019-01-22T19:26:34Z" finished-at="2019-01-22T19:27:08Z">
          <reporter-output>
          </reporter-output>
        </test-method> <!-- beforeClass -->
        <test-method status="PASS" signature="beforeMethod()[pri:0, instance:com.training.sanity.tests.AddContact_MakeMemberPaymentTest@1e88b3c]" name="beforeMethod" is-config="true" duration-ms="3" started-at="2019-01-22T19:27:08Z" finished-at="2019-01-22T19:27:08Z">
          <reporter-output>
          </reporter-output>
        </test-method> <!-- beforeMethod -->
        <test-method status="PASS" signature="addPayee_Member(java.lang.String, int, java.lang.String)[pri:0, instance:com.training.sanity.tests.AddContact_MakeMemberPaymentTest@1e88b3c]" name="addPayee_Member" duration-ms="25238" started-at="2019-01-22T19:27:08Z" data-provider="makePayment" finished-at="2019-01-22T19:27:33Z">
          <params>
            <param index="0">
              <value>
                <![CDATA[artish]]>
              </value>
            </param>
            <param index="1">
              <value>
                <![CDATA[220]]>
              </value>
            </param>
            <param index="2">
              <value>
                <![CDATA[joining bonus]]>
              </value>
            </param>
          </params>
          <reporter-output>
          </reporter-output>
        </test-method> <!-- addPayee_Member -->
        <test-method status="PASS" signature="afterMethod()[pri:0, instance:com.training.sanity.tests.AddContact_MakeMemberPaymentTest@1e88b3c]" name="afterMethod" is-config="true" duration-ms="5" started-at="2019-01-22T19:27:33Z" finished-at="2019-01-22T19:27:33Z">
          <reporter-output>
          </reporter-output>
        </test-method> <!-- afterMethod -->
        <test-method status="PASS" signature="afterClass()[pri:0, instance:com.training.sanity.tests.AddContact_MakeMemberPaymentTest@1e88b3c]" name="afterClass" is-config="true" duration-ms="2" started-at="2019-01-22T19:27:33Z" finished-at="2019-01-22T19:27:33Z">
          <reporter-output>
          </reporter-output>
        </test-method> <!-- afterClass -->
      </class> <!-- com.training.sanity.tests.AddContact_MakeMemberPaymentTest -->
    </test> <!-- Default test -->
  </suite> <!-- Default suite -->
</testng-results>
